d:\simon\documents\github\gangs\gangs\debug\vc141.pdb
d:\simon\documents\github\gangs\gangs\debug\vc141.idb
d:\simon\documents\github\gangs\gangs\debug\utility.obj
d:\simon\documents\github\gangs\gangs\debug\unit.obj
d:\simon\documents\github\gangs\gangs\debug\toolbarutility.obj
d:\simon\documents\github\gangs\gangs\debug\toolbar.obj
d:\simon\documents\github\gangs\gangs\debug\tile.obj
d:\simon\documents\github\gangs\gangs\debug\optionset.obj
d:\simon\documents\github\gangs\gangs\debug\option.obj
d:\simon\documents\github\gangs\gangs\debug\mousestate.obj
d:\simon\documents\github\gangs\gangs\debug\mouse.obj
d:\simon\documents\github\gangs\gangs\debug\main.obj
d:\simon\documents\github\gangs\gangs\debug\grid.obj
d:\simon\documents\github\gangs\gangs\debug\engine.obj
d:\simon\documents\github\gangs\gangs\debug\camera.obj
d:\simon\documents\github\gangs\gangs\debug\building.obj
d:\simon\documents\github\gangs\gangs\debug\astar.obj
d:\simon\documents\github\gangs\gangs\debug\assetloader.obj
d:\work in progress\gangs\gangs\debug\gangs.exe
d:\work in progress\gangs\gangs\debug\gangs.ilk
d:\work in progress\gangs\gangs\debug\gangs.pdb
d:\simon\documents\github\gangs\gangs\debug\gangs.ilk
d:\simon\documents\github\gangs\gangs\debug\gangs.pdb
d:\simon\documents\github\gangs\debug\gangs.pdb
d:\simon\documents\github\gangs\gangs\debug\gangs.tlog\cl.command.1.tlog
d:\simon\documents\github\gangs\gangs\debug\gangs.tlog\cl.read.1.tlog
d:\simon\documents\github\gangs\gangs\debug\gangs.tlog\cl.write.1.tlog
d:\simon\documents\github\gangs\gangs\debug\gangs.tlog\link.command.1.tlog
d:\simon\documents\github\gangs\gangs\debug\gangs.tlog\link.read.1.tlog
d:\simon\documents\github\gangs\gangs\debug\gangs.tlog\link.write.1.tlog
